This file contains any messages produced by compilers while
running configure, to aid debugging if configure makes a mistake.

It was created by configure, which was
generated by GNU Autoconf 2.53.  Invocation command line was

  $ ./configure 

## --------- ##
## Platform. ##
## --------- ##

hostname = raspberrypi
uname -m = aarch64
uname -r = 6.1.21-v8+
uname -s = Linux
uname -v = #1642 SMP PREEMPT Mon Apr  3 17:24:16 BST 2023

/usr/bin/uname -p = unknown
/bin/uname -X     = unknown

/bin/arch              = aarch64
/usr/bin/arch -k       = unknown
/usr/convex/getsysinfo = unknown
hostinfo               = unknown
/bin/machine           = unknown
/usr/bin/oslevel       = unknown
/bin/universe          = unknown

PATH: ~/Arduino/bin
PATH: ~/Arduino/bin
PATH: /home/penplotter/.cargo/bin
PATH: ~/Arduino/bin
PATH: /home/penplotter/.vscode-server/bin/fdb98833154679dbaa7af67a5a29fe19e55c2b73/bin/remote-cli
PATH: /usr/local/bin
PATH: /usr/bin
PATH: /bin
PATH: /usr/games
PATH: /home/penplotter/.local/bin
PATH: /home/penplotter/.local/bin
PATH: /home/penplotter/.local/bin
PATH: /home/penplotter/.local/bin


## ----------- ##
## Core tests. ##
## ----------- ##

configure:1432: checking for a BSD-compatible install
configure:1486: result: /usr/bin/install -c
configure:1497: checking whether build environment is sane
configure:1540: result: yes
configure:1574: checking for gawk
configure:1603: result: no
configure:1574: checking for mawk
configure:1590: found /usr/bin/mawk
configure:1600: result: mawk
configure:1610: checking whether make sets ${MAKE}
configure:1630: result: yes
configure:1779: checking for gcc
configure:1795: found /usr/bin/gcc
configure:1805: result: gcc
configure:2049: checking for C compiler version
configure:2052: gcc --version </dev/null >&5
gcc (Debian 10.2.1-6) 10.2.1 20210110
Copyright (C) 2020 Free Software Foundation, Inc.
This is free software; see the source for copying conditions.  There is NO
warranty; not even for MERCHANTABILITY or FITNESS FOR A PARTICULAR PURPOSE.

configure:2055: $? = 0
configure:2057: gcc -v </dev/null >&5
Using built-in specs.
COLLECT_GCC=gcc
COLLECT_LTO_WRAPPER=/usr/lib/gcc/aarch64-linux-gnu/10/lto-wrapper
Target: aarch64-linux-gnu
Configured with: ../src/configure -v --with-pkgversion='Debian 10.2.1-6' --with-bugurl=file:///usr/share/doc/gcc-10/README.Bugs --enable-languages=c,ada,c++,go,d,fortran,objc,obj-c++,m2 --prefix=/usr --with-gcc-major-version-only --program-suffix=-10 --program-prefix=aarch64-linux-gnu- --enable-shared --enable-linker-build-id --libexecdir=/usr/lib --without-included-gettext --enable-threads=posix --libdir=/usr/lib --enable-nls --enable-bootstrap --enable-clocale=gnu --enable-libstdcxx-debug --enable-libstdcxx-time=yes --with-default-libstdcxx-abi=new --enable-gnu-unique-object --disable-libquadmath --disable-libquadmath-support --enable-plugin --enable-default-pie --with-system-zlib --enable-libphobos-checking=release --with-target-system-zlib=auto --enable-objc-gc=auto --enable-multiarch --enable-fix-cortex-a53-843419 --disable-werror --enable-checking=release --build=aarch64-linux-gnu --host=aarch64-linux-gnu --target=aarch64-linux-gnu --with-build-config=bootstrap-lto-lean --enable-link-mutex
Thread model: posix
Supported LTO compression algorithms: zlib zstd
gcc version 10.2.1 20210110 (Debian 10.2.1-6) 
configure:2060: $? = 0
configure:2062: gcc -V </dev/null >&5
gcc: error: unrecognized command-line option '-V'
gcc: fatal error: no input files
compilation terminated.
configure:2065: $? = 1
configure:2091: checking for C compiler default output
configure:2094: gcc    conftest.c  >&5
configure:2097: $? = 0
configure:2130: result: a.out
configure:2135: checking whether the C compiler works
configure:2141: ./a.out
configure:2144: $? = 0
configure:2159: result: yes
configure:2166: checking whether we are cross compiling
configure:2168: result: no
configure:2171: checking for suffix of executables
configure:2173: gcc -o conftest    conftest.c  >&5
configure:2176: $? = 0
configure:2198: result: 
configure:2204: checking for suffix of object files
configure:2228: gcc -c   conftest.c >&5
configure:2231: $? = 0
configure:2250: result: o
configure:2254: checking whether we are using the GNU C compiler
configure:2281: gcc -c   conftest.c >&5
configure:2284: $? = 0
configure:2287: test -s conftest.o
configure:2290: $? = 0
configure:2302: result: yes
configure:2308: checking whether gcc accepts -g
configure:2332: gcc -c -g  conftest.c >&5
configure:2335: $? = 0
configure:2338: test -s conftest.o
configure:2341: $? = 0
configure:2351: result: yes
configure:2378: gcc -c -g -O2  conftest.c >&5
conftest.c:2:3: error: unknown type name 'choke'
    2 |   choke me
      |   ^~~~~
conftest.c:2:3: error: expected '=', ',', ';', 'asm' or '__attribute__' at end of input
configure:2381: $? = 1
configure: failed program was:
#ifndef __cplusplus
  choke me
#endif
configure:2499: checking for style of include used by make
configure:2527: result: GNU
configure:2534: checking dependency style of gcc
configure:2596: result: none
configure:2673: checking build system type
configure:2682: error: cannot guess build type; you must specify one

## ---------------- ##
## Cache variables. ##
## ---------------- ##

ac_cv_build_alias=
ac_cv_c_compiler_gnu=yes
ac_cv_env_CC_set=
ac_cv_env_CC_value=
ac_cv_env_CFLAGS_set=
ac_cv_env_CFLAGS_value=
ac_cv_env_CPPFLAGS_set=
ac_cv_env_CPPFLAGS_value=
ac_cv_env_CPP_set=
ac_cv_env_CPP_value=
ac_cv_env_CXXFLAGS_set=
ac_cv_env_CXXFLAGS_value=
ac_cv_env_CXX_set=
ac_cv_env_CXX_value=
ac_cv_env_LDFLAGS_set=
ac_cv_env_LDFLAGS_value=
ac_cv_env_build_alias_set=
ac_cv_env_build_alias_value=
ac_cv_env_host_alias_set=
ac_cv_env_host_alias_value=
ac_cv_env_target_alias_set=
ac_cv_env_target_alias_value=
ac_cv_exeext=
ac_cv_objext=o
ac_cv_path_install='/usr/bin/install -c'
ac_cv_prog_AWK=mawk
ac_cv_prog_ac_ct_CC=gcc
ac_cv_prog_cc_g=yes
ac_cv_prog_make_make_set=yes
am_cv_CC_dependencies_compiler_type=none
lt_cv_sys_path_separator=:

## ----------- ##
## confdefs.h. ##
## ----------- ##

#define PACKAGE_NAME ""
#define PACKAGE_TARNAME ""
#define PACKAGE_VERSION ""
#define PACKAGE_STRING ""
#define PACKAGE_BUGREPORT ""
#define AUTOTRACE_VERSION "0.31.1"

configure: exit 1
